[2026-06-24T19:07:16.313+0000] {local_task_job_runner.py:120} INFO - ::group::Pre task execution logs
[2026-06-24T19:07:16.335+0000] {taskinstance.py:2076} INFO - Dependencies all met for dep_context=non-requeueable deps ti=<TaskInstance: banking_s3_to_marts.dbt_run_marts manual__2026-06-24T19:07:11.120220+00:00 [queued]>
[2026-06-24T19:07:16.341+0000] {taskinstance.py:2076} INFO - Dependencies all met for dep_context=requeueable deps ti=<TaskInstance: banking_s3_to_marts.dbt_run_marts manual__2026-06-24T19:07:11.120220+00:00 [queued]>
[2026-06-24T19:07:16.341+0000] {taskinstance.py:2306} INFO - Starting attempt 1 of 1
[2026-06-24T19:07:16.350+0000] {taskinstance.py:2330} INFO - Executing <Task(BashOperator): dbt_run_marts> on 2026-06-24 19:07:11.120220+00:00
[2026-06-24T19:07:16.359+0000] {logging_mixin.py:188} WARNING - /home/***/.local/lib/python3.12/site-packages/***/task/task_runner/standard_task_runner.py:62 DeprecationWarning: This process (pid=1473) is multi-threaded, use of fork() may lead to deadlocks in the child.
[2026-06-24T19:07:16.360+0000] {standard_task_runner.py:64} INFO - Started process 1477 to run task
[2026-06-24T19:07:16.359+0000] {standard_task_runner.py:90} INFO - Running: ['***', 'tasks', 'run', 'banking_s3_to_marts', 'dbt_run_marts', 'manual__2026-06-24T19:07:11.120220+00:00', '--job-id', '11', '--raw', '--subdir', 'DAGS_FOLDER/banking_pipeline.py', '--cfg-path', '/tmp/tmp37mtf7a8']
[2026-06-24T19:07:16.361+0000] {standard_task_runner.py:91} INFO - Job 11: Subtask dbt_run_marts
[2026-06-24T19:07:16.395+0000] {task_command.py:426} INFO - Running <TaskInstance: banking_s3_to_marts.dbt_run_marts manual__2026-06-24T19:07:11.120220+00:00 [running]> on host 77d7a5eb4c31
[2026-06-24T19:07:16.452+0000] {taskinstance.py:2648} INFO - Exporting env vars: AIRFLOW_CTX_DAG_OWNER='***' AIRFLOW_CTX_DAG_ID='banking_s3_to_marts' AIRFLOW_CTX_TASK_ID='dbt_run_marts' AIRFLOW_CTX_EXECUTION_DATE='2026-06-24T19:07:11.120220+00:00' AIRFLOW_CTX_TRY_NUMBER='1' AIRFLOW_CTX_DAG_RUN_ID='manual__2026-06-24T19:07:11.120220+00:00'
[2026-06-24T19:07:16.453+0000] {taskinstance.py:430} INFO - ::endgroup::
[2026-06-24T19:07:16.464+0000] {subprocess.py:63} INFO - Tmp dir root location: /tmp
[2026-06-24T19:07:16.464+0000] {subprocess.py:75} INFO - Running command: ['/usr/bin/bash', '-c', 'cd /opt/***/dbt_transformations && dbt run --profiles-dir /opt/***/dbt_transformations']
[2026-06-24T19:07:16.475+0000] {subprocess.py:86} INFO - Output:
[2026-06-24T19:07:16.485+0000] {subprocess.py:93} INFO -   dbt-core 2.0.0-alpha.2
[2026-06-24T19:07:16.486+0000] {subprocess.py:93} INFO -    Loading profiles.yml
[2026-06-24T19:07:17.553+0000] {subprocess.py:93} INFO - 
[2026-06-24T19:07:17.553+0000] {subprocess.py:93} INFO - =================== Errors and Warnings ====================
[2026-06-24T19:07:17.554+0000] {subprocess.py:93} INFO - [error] [DbConnectionFailed (dbt1300)]: Failed to create schema 'STAGING' in database 'BANKING_DWH' in remote for model.banking_dbt.stg_transactions: [Snowflake] 390100 (08004): Incorrect username or password was specified.
[2026-06-24T19:07:17.554+0000] {subprocess.py:93} INFO - 
[2026-06-24T19:07:17.554+0000] {subprocess.py:93} INFO - ==================== Execution Summary =====================
[2026-06-24T19:07:17.554+0000] {subprocess.py:93} INFO - Finished 'run' with 1 error for target 'dev' [1.1s]
[2026-06-24T19:07:17.555+0000] {subprocess.py:93} INFO - Processed: 2 models
[2026-06-24T19:07:17.561+0000] {subprocess.py:97} INFO - Command exited with return code 1
[2026-06-24T19:07:17.562+0000] {taskinstance.py:441} INFO - ::group::Post task execution logs
[2026-06-24T19:07:17.574+0000] {taskinstance.py:2905} ERROR - Task failed with exception
Traceback (most recent call last):
  File "/home/airflow/.local/lib/python3.12/site-packages/airflow/models/taskinstance.py", line 465, in _execute_task
    result = _execute_callable(context=context, **execute_callable_kwargs)
             ^^^^^^^^^^^^^^^^^^^^^^^^^^^^^^^^^^^^^^^^^^^^^^^^^^^^^^^^^^^^^
  File "/home/airflow/.local/lib/python3.12/site-packages/airflow/models/taskinstance.py", line 432, in _execute_callable
    return execute_callable(context=context, **execute_callable_kwargs)
           ^^^^^^^^^^^^^^^^^^^^^^^^^^^^^^^^^^^^^^^^^^^^^^^^^^^^^^^^^^^^
  File "/home/airflow/.local/lib/python3.12/site-packages/airflow/models/baseoperator.py", line 401, in wrapper
    return func(self, *args, **kwargs)
           ^^^^^^^^^^^^^^^^^^^^^^^^^^^
  File "/home/airflow/.local/lib/python3.12/site-packages/airflow/operators/bash.py", line 243, in execute
    raise AirflowException(
airflow.exceptions.AirflowException: Bash command failed. The command returned a non-zero exit code 1.
[2026-06-24T19:07:17.578+0000] {taskinstance.py:1206} INFO - Marking task as FAILED. dag_id=banking_s3_to_marts, task_id=dbt_run_marts, run_id=manual__2026-06-24T19:07:11.120220+00:00, execution_date=20260624T190711, start_date=20260624T190716, end_date=20260624T190717
[2026-06-24T19:07:17.591+0000] {standard_task_runner.py:110} ERROR - Failed to execute job 11 for task dbt_run_marts (Bash command failed. The command returned a non-zero exit code 1.; 1477)
[2026-06-24T19:07:17.623+0000] {local_task_job_runner.py:243} INFO - Task exited with return code 1
[2026-06-24T19:07:17.638+0000] {taskinstance.py:3503} INFO - 0 downstream tasks scheduled from follow-on schedule check
[2026-06-24T19:07:17.642+0000] {local_task_job_runner.py:222} INFO - ::endgroup::
