[2026-06-24T19:00:05.344+0000] {local_task_job_runner.py:120} INFO - ::group::Pre task execution logs
[2026-06-24T19:00:05.366+0000] {taskinstance.py:2076} INFO - Dependencies all met for dep_context=non-requeueable deps ti=<TaskInstance: banking_s3_to_marts.dbt_run_marts scheduled__2026-06-24T18:00:00+00:00 [queued]>
[2026-06-24T19:00:05.372+0000] {taskinstance.py:2076} INFO - Dependencies all met for dep_context=requeueable deps ti=<TaskInstance: banking_s3_to_marts.dbt_run_marts scheduled__2026-06-24T18:00:00+00:00 [queued]>
[2026-06-24T19:00:05.372+0000] {taskinstance.py:2306} INFO - Starting attempt 1 of 1
[2026-06-24T19:00:05.381+0000] {taskinstance.py:2330} INFO - Executing <Task(BashOperator): dbt_run_marts> on 2026-06-24 18:00:00+00:00
[2026-06-24T19:00:05.389+0000] {logging_mixin.py:188} WARNING - /home/***/.local/lib/python3.12/site-packages/***/task/task_runner/standard_task_runner.py:62 DeprecationWarning: This process (pid=1287) is multi-threaded, use of fork() may lead to deadlocks in the child.
[2026-06-24T19:00:05.390+0000] {standard_task_runner.py:64} INFO - Started process 1290 to run task
[2026-06-24T19:00:05.390+0000] {standard_task_runner.py:90} INFO - Running: ['***', 'tasks', 'run', 'banking_s3_to_marts', 'dbt_run_marts', 'scheduled__2026-06-24T18:00:00+00:00', '--job-id', '8', '--raw', '--subdir', 'DAGS_FOLDER/banking_pipeline.py', '--cfg-path', '/tmp/tmp4p04zm2a']
[2026-06-24T19:00:05.392+0000] {standard_task_runner.py:91} INFO - Job 8: Subtask dbt_run_marts
[2026-06-24T19:00:05.426+0000] {task_command.py:426} INFO - Running <TaskInstance: banking_s3_to_marts.dbt_run_marts scheduled__2026-06-24T18:00:00+00:00 [running]> on host 77d7a5eb4c31
[2026-06-24T19:00:05.480+0000] {taskinstance.py:2648} INFO - Exporting env vars: AIRFLOW_CTX_DAG_OWNER='***' AIRFLOW_CTX_DAG_ID='banking_s3_to_marts' AIRFLOW_CTX_TASK_ID='dbt_run_marts' AIRFLOW_CTX_EXECUTION_DATE='2026-06-24T18:00:00+00:00' AIRFLOW_CTX_TRY_NUMBER='1' AIRFLOW_CTX_DAG_RUN_ID='scheduled__2026-06-24T18:00:00+00:00'
[2026-06-24T19:00:05.481+0000] {taskinstance.py:430} INFO - ::endgroup::
[2026-06-24T19:00:05.492+0000] {subprocess.py:63} INFO - Tmp dir root location: /tmp
[2026-06-24T19:00:05.493+0000] {subprocess.py:75} INFO - Running command: ['/usr/bin/bash', '-c', 'cd /opt/***/dbt_transformations && dbt run --profiles-dir /opt/***/dbt_transformations']
[2026-06-24T19:00:05.502+0000] {subprocess.py:86} INFO - Output:
[2026-06-24T19:00:05.514+0000] {subprocess.py:93} INFO -   dbt-core 2.0.0-alpha.2
[2026-06-24T19:00:05.515+0000] {subprocess.py:93} INFO -    Loading profiles.yml
[2026-06-24T19:06:12.369+0000] {subprocess.py:93} INFO - 
[2026-06-24T19:06:12.369+0000] {subprocess.py:93} INFO - =================== Errors and Warnings ====================
[2026-06-24T19:06:12.369+0000] {subprocess.py:93} INFO - [error] [DbDriverFailed (dbt1308)]: Failed to create schema 'STAGING' in database 'BANKING_DWH' in remote for model.banking_dbt.stg_transactions: Post "https://<YOUR-SNOWFLAKE-ACCOUNT>.snowflakecomputing.com:443/session/v1/login-request?databaseName=BANKING_DWH&requestId=2d6ab380-f5d1-4926-54b9-73a6fa611b70&request_guid=c1a731b9-9de1-47d9-7737-70519c0d4ee9&roleName=ACCOUNTADMIN&schemaName=STAGING&warehouse=COMPUTE_WH": dial tcp: lookup <YOUR-SNOWFLAKE-ACCOUNT>.snowflakecomputing.com: no such host
[2026-06-24T19:06:12.369+0000] {subprocess.py:93} INFO - 
[2026-06-24T19:06:12.370+0000] {subprocess.py:93} INFO - ==================== Execution Summary =====================
[2026-06-24T19:06:12.370+0000] {subprocess.py:93} INFO - Finished 'run' with 1 error for target 'dev' [6m 7s]
[2026-06-24T19:06:12.370+0000] {subprocess.py:93} INFO - Processed: 2 models
[2026-06-24T19:06:12.374+0000] {subprocess.py:97} INFO - Command exited with return code 1
[2026-06-24T19:06:12.374+0000] {taskinstance.py:441} INFO - ::group::Post task execution logs
[2026-06-24T19:06:12.384+0000] {taskinstance.py:2905} ERROR - Task failed with exception
Traceback (most recent call last):
  File "/home/airflow/.local/lib/python3.12/site-packages/airflow/models/taskinstance.py", line 465, in _execute_task
    result = _execute_callable(context=context, **execute_callable_kwargs)
             ^^^^^^^^^^^^^^^^^^^^^^^^^^^^^^^^^^^^^^^^^^^^^^^^^^^^^^^^^^^^^
  File "/home/airflow/.local/lib/python3.12/site-packages/airflow/models/taskinstance.py", line 432, in _execute_callable
    return execute_callable(context=context, **execute_callable_kwargs)
           ^^^^^^^^^^^^^^^^^^^^^^^^^^^^^^^^^^^^^^^^^^^^^^^^^^^^^^^^^^^^
  File "/home/airflow/.local/lib/python3.12/site-packages/airflow/models/baseoperator.py", line 401, in wrapper
    return func(self, *args, **kwargs)
           ^^^^^^^^^^^^^^^^^^^^^^^^^^^
  File "/home/airflow/.local/lib/python3.12/site-packages/airflow/operators/bash.py", line 243, in execute
    raise AirflowException(
airflow.exceptions.AirflowException: Bash command failed. The command returned a non-zero exit code 1.
[2026-06-24T19:06:12.387+0000] {taskinstance.py:1206} INFO - Marking task as FAILED. dag_id=banking_s3_to_marts, task_id=dbt_run_marts, run_id=scheduled__2026-06-24T18:00:00+00:00, execution_date=20260624T180000, start_date=20260624T190005, end_date=20260624T190612
[2026-06-24T19:06:12.397+0000] {standard_task_runner.py:110} ERROR - Failed to execute job 8 for task dbt_run_marts (Bash command failed. The command returned a non-zero exit code 1.; 1290)
[2026-06-24T19:06:12.436+0000] {local_task_job_runner.py:243} INFO - Task exited with return code 1
[2026-06-24T19:06:12.447+0000] {taskinstance.py:3503} INFO - 0 downstream tasks scheduled from follow-on schedule check
[2026-06-24T19:06:12.449+0000] {local_task_job_runner.py:222} INFO - ::endgroup::
[2026-06-24T19:07:18.189+0000] {local_task_job_runner.py:120} INFO - ::group::Pre task execution logs
[2026-06-24T19:07:18.212+0000] {taskinstance.py:2076} INFO - Dependencies all met for dep_context=non-requeueable deps ti=<TaskInstance: banking_s3_to_marts.dbt_run_marts scheduled__2026-06-24T18:00:00+00:00 [queued]>
[2026-06-24T19:07:18.218+0000] {taskinstance.py:2076} INFO - Dependencies all met for dep_context=requeueable deps ti=<TaskInstance: banking_s3_to_marts.dbt_run_marts scheduled__2026-06-24T18:00:00+00:00 [queued]>
[2026-06-24T19:07:18.218+0000] {taskinstance.py:2306} INFO - Starting attempt 1 of 1
[2026-06-24T19:07:18.228+0000] {taskinstance.py:2330} INFO - Executing <Task(BashOperator): dbt_run_marts> on 2026-06-24 18:00:00+00:00
[2026-06-24T19:07:18.236+0000] {logging_mixin.py:188} WARNING - /home/***/.local/lib/python3.12/site-packages/***/task/task_runner/standard_task_runner.py:62 DeprecationWarning: This process (pid=1491) is multi-threaded, use of fork() may lead to deadlocks in the child.
[2026-06-24T19:07:18.237+0000] {standard_task_runner.py:64} INFO - Started process 1494 to run task
[2026-06-24T19:07:18.237+0000] {standard_task_runner.py:90} INFO - Running: ['***', 'tasks', 'run', 'banking_s3_to_marts', 'dbt_run_marts', 'scheduled__2026-06-24T18:00:00+00:00', '--job-id', '12', '--raw', '--subdir', 'DAGS_FOLDER/banking_pipeline.py', '--cfg-path', '/tmp/tmp5lyoa_7o']
[2026-06-24T19:07:18.239+0000] {standard_task_runner.py:91} INFO - Job 12: Subtask dbt_run_marts
[2026-06-24T19:07:18.274+0000] {task_command.py:426} INFO - Running <TaskInstance: banking_s3_to_marts.dbt_run_marts scheduled__2026-06-24T18:00:00+00:00 [running]> on host 77d7a5eb4c31
[2026-06-24T19:07:18.329+0000] {taskinstance.py:2648} INFO - Exporting env vars: AIRFLOW_CTX_DAG_OWNER='***' AIRFLOW_CTX_DAG_ID='banking_s3_to_marts' AIRFLOW_CTX_TASK_ID='dbt_run_marts' AIRFLOW_CTX_EXECUTION_DATE='2026-06-24T18:00:00+00:00' AIRFLOW_CTX_TRY_NUMBER='1' AIRFLOW_CTX_DAG_RUN_ID='scheduled__2026-06-24T18:00:00+00:00'
[2026-06-24T19:07:18.331+0000] {taskinstance.py:430} INFO - ::endgroup::
[2026-06-24T19:07:18.341+0000] {subprocess.py:63} INFO - Tmp dir root location: /tmp
[2026-06-24T19:07:18.342+0000] {subprocess.py:75} INFO - Running command: ['/usr/bin/bash', '-c', 'cd /opt/***/dbt_transformations && dbt run --profiles-dir /opt/***/dbt_transformations']
[2026-06-24T19:07:18.353+0000] {subprocess.py:86} INFO - Output:
[2026-06-24T19:07:18.362+0000] {subprocess.py:93} INFO -   dbt-core 2.0.0-alpha.2
[2026-06-24T19:07:18.364+0000] {subprocess.py:93} INFO -    Loading profiles.yml
[2026-06-24T19:07:19.408+0000] {subprocess.py:93} INFO - 
[2026-06-24T19:07:19.409+0000] {subprocess.py:93} INFO - =================== Errors and Warnings ====================
[2026-06-24T19:07:19.409+0000] {subprocess.py:93} INFO - [error] [DbConnectionFailed (dbt1300)]: Failed to create schema 'STAGING' in database 'BANKING_DWH' in remote for model.banking_dbt.stg_transactions: [Snowflake] 390100 (08004): Incorrect username or password was specified.
[2026-06-24T19:07:19.409+0000] {subprocess.py:93} INFO - 
[2026-06-24T19:07:19.409+0000] {subprocess.py:93} INFO - ==================== Execution Summary =====================
[2026-06-24T19:07:19.409+0000] {subprocess.py:93} INFO - Finished 'run' with 1 error for target 'dev' [1.0s]
[2026-06-24T19:07:19.409+0000] {subprocess.py:93} INFO - Processed: 2 models
[2026-06-24T19:07:19.414+0000] {subprocess.py:97} INFO - Command exited with return code 1
[2026-06-24T19:07:19.415+0000] {taskinstance.py:441} INFO - ::group::Post task execution logs
[2026-06-24T19:07:19.424+0000] {taskinstance.py:2905} ERROR - Task failed with exception
Traceback (most recent call last):
  File "/home/airflow/.local/lib/python3.12/site-packages/airflow/models/taskinstance.py", line 465, in _execute_task
    result = _execute_callable(context=context, **execute_callable_kwargs)
             ^^^^^^^^^^^^^^^^^^^^^^^^^^^^^^^^^^^^^^^^^^^^^^^^^^^^^^^^^^^^^
  File "/home/airflow/.local/lib/python3.12/site-packages/airflow/models/taskinstance.py", line 432, in _execute_callable
    return execute_callable(context=context, **execute_callable_kwargs)
           ^^^^^^^^^^^^^^^^^^^^^^^^^^^^^^^^^^^^^^^^^^^^^^^^^^^^^^^^^^^^
  File "/home/airflow/.local/lib/python3.12/site-packages/airflow/models/baseoperator.py", line 401, in wrapper
    return func(self, *args, **kwargs)
           ^^^^^^^^^^^^^^^^^^^^^^^^^^^
  File "/home/airflow/.local/lib/python3.12/site-packages/airflow/operators/bash.py", line 243, in execute
    raise AirflowException(
airflow.exceptions.AirflowException: Bash command failed. The command returned a non-zero exit code 1.
[2026-06-24T19:07:19.427+0000] {taskinstance.py:1206} INFO - Marking task as FAILED. dag_id=banking_s3_to_marts, task_id=dbt_run_marts, run_id=scheduled__2026-06-24T18:00:00+00:00, execution_date=20260624T180000, start_date=20260624T190718, end_date=20260624T190719
[2026-06-24T19:07:19.437+0000] {standard_task_runner.py:110} ERROR - Failed to execute job 12 for task dbt_run_marts (Bash command failed. The command returned a non-zero exit code 1.; 1494)
[2026-06-24T19:07:19.454+0000] {local_task_job_runner.py:243} INFO - Task exited with return code 1
[2026-06-24T19:07:19.466+0000] {taskinstance.py:3503} INFO - 0 downstream tasks scheduled from follow-on schedule check
[2026-06-24T19:07:19.467+0000] {local_task_job_runner.py:222} INFO - ::endgroup::
[2026-06-24T19:09:19.070+0000] {local_task_job_runner.py:120} INFO - ::group::Pre task execution logs
[2026-06-24T19:09:19.112+0000] {taskinstance.py:2076} INFO - Dependencies all met for dep_context=non-requeueable deps ti=<TaskInstance: banking_s3_to_marts.dbt_run_marts scheduled__2026-06-24T18:00:00+00:00 [queued]>
[2026-06-24T19:09:19.121+0000] {taskinstance.py:2076} INFO - Dependencies all met for dep_context=requeueable deps ti=<TaskInstance: banking_s3_to_marts.dbt_run_marts scheduled__2026-06-24T18:00:00+00:00 [queued]>
[2026-06-24T19:09:19.121+0000] {taskinstance.py:2306} INFO - Starting attempt 1 of 1
[2026-06-24T19:09:19.144+0000] {taskinstance.py:2330} INFO - Executing <Task(BashOperator): dbt_run_marts> on 2026-06-24 18:00:00+00:00
[2026-06-24T19:09:19.160+0000] {logging_mixin.py:188} WARNING - /home/***/.local/lib/python3.12/site-packages/***/task/task_runner/standard_task_runner.py:62 DeprecationWarning: This process (pid=1561) is multi-threaded, use of fork() may lead to deadlocks in the child.
[2026-06-24T19:09:19.161+0000] {standard_task_runner.py:64} INFO - Started process 1565 to run task
[2026-06-24T19:09:19.162+0000] {standard_task_runner.py:90} INFO - Running: ['***', 'tasks', 'run', 'banking_s3_to_marts', 'dbt_run_marts', 'scheduled__2026-06-24T18:00:00+00:00', '--job-id', '15', '--raw', '--subdir', 'DAGS_FOLDER/banking_pipeline.py', '--cfg-path', '/tmp/tmpnqha036k']
[2026-06-24T19:09:19.164+0000] {standard_task_runner.py:91} INFO - Job 15: Subtask dbt_run_marts
[2026-06-24T19:09:19.219+0000] {task_command.py:426} INFO - Running <TaskInstance: banking_s3_to_marts.dbt_run_marts scheduled__2026-06-24T18:00:00+00:00 [running]> on host 77d7a5eb4c31
[2026-06-24T19:09:19.310+0000] {taskinstance.py:2648} INFO - Exporting env vars: AIRFLOW_CTX_DAG_OWNER='***' AIRFLOW_CTX_DAG_ID='banking_s3_to_marts' AIRFLOW_CTX_TASK_ID='dbt_run_marts' AIRFLOW_CTX_EXECUTION_DATE='2026-06-24T18:00:00+00:00' AIRFLOW_CTX_TRY_NUMBER='1' AIRFLOW_CTX_DAG_RUN_ID='scheduled__2026-06-24T18:00:00+00:00'
[2026-06-24T19:09:19.311+0000] {taskinstance.py:430} INFO - ::endgroup::
[2026-06-24T19:09:19.327+0000] {subprocess.py:63} INFO - Tmp dir root location: /tmp
[2026-06-24T19:09:19.327+0000] {subprocess.py:75} INFO - Running command: ['/usr/bin/bash', '-c', 'cd /opt/***/dbt_transformations && dbt run --profiles-dir /opt/***/dbt_transformations']
[2026-06-24T19:09:19.343+0000] {subprocess.py:86} INFO - Output:
[2026-06-24T19:09:19.357+0000] {subprocess.py:93} INFO -   dbt-core 2.0.0-alpha.2
[2026-06-24T19:09:19.358+0000] {subprocess.py:93} INFO -    Loading profiles.yml
[2026-06-24T19:09:20.985+0000] {subprocess.py:93} INFO -  Succeeded [  0.47s] model STAGING.stg_transactions (view)
[2026-06-24T19:09:24.081+0000] {subprocess.py:93} INFO -  Succeeded [  3.09s] model marts.fct_transactions (incremental)
[2026-06-24T19:09:24.222+0000] {subprocess.py:93} INFO - 
[2026-06-24T19:09:24.222+0000] {subprocess.py:93} INFO - ==================== Execution Summary =====================
[2026-06-24T19:09:24.222+0000] {subprocess.py:93} INFO - Finished 'run' successfully for target 'dev' [4.9s]
[2026-06-24T19:09:24.222+0000] {subprocess.py:93} INFO - Processed: 2 models
[2026-06-24T19:09:24.222+0000] {subprocess.py:93} INFO - Summary: 2 total | 2 success
[2026-06-24T19:09:24.227+0000] {subprocess.py:97} INFO - Command exited with return code 0
[2026-06-24T19:09:24.227+0000] {taskinstance.py:441} INFO - ::group::Post task execution logs
[2026-06-24T19:09:24.248+0000] {taskinstance.py:1206} INFO - Marking task as SUCCESS. dag_id=banking_s3_to_marts, task_id=dbt_run_marts, run_id=scheduled__2026-06-24T18:00:00+00:00, execution_date=20260624T180000, start_date=20260624T190919, end_date=20260624T190924
[2026-06-24T19:09:24.263+0000] {local_task_job_runner.py:243} INFO - Task exited with return code 0
[2026-06-24T19:09:24.274+0000] {taskinstance.py:3503} INFO - 0 downstream tasks scheduled from follow-on schedule check
[2026-06-24T19:09:24.276+0000] {local_task_job_runner.py:222} INFO - ::endgroup::
