[2026-06-26T06:27:23.622+0000] {processor.py:161} INFO - Started process (PID=186) to work on /opt/airflow/dags/banking_pipeline.py
[2026-06-26T06:27:23.627+0000] {processor.py:830} INFO - Processing file /opt/airflow/dags/banking_pipeline.py for tasks to queue
[2026-06-26T06:27:23.633+0000] {logging_mixin.py:188} INFO - [2026-06-26T06:27:23.633+0000] {dagbag.py:545} INFO - Filling up the DagBag from /opt/airflow/dags/banking_pipeline.py
[2026-06-26T06:27:23.657+0000] {processor.py:840} INFO - DAG(s) 'banking_s3_to_marts' retrieved from /opt/airflow/dags/banking_pipeline.py
[2026-06-26T06:27:23.774+0000] {logging_mixin.py:188} INFO - [2026-06-26T06:27:23.773+0000] {dag.py:3089} INFO - Sync 1 DAGs
[2026-06-26T06:27:23.837+0000] {logging_mixin.py:188} INFO - [2026-06-26T06:27:23.837+0000] {dag.py:3947} INFO - Setting next_dagrun for banking_s3_to_marts to 2026-06-26 06:00:00+00:00, run_after=2026-06-26 07:00:00+00:00
[2026-06-26T06:27:23.867+0000] {processor.py:183} INFO - Processing /opt/airflow/dags/banking_pipeline.py took 0.258 seconds
[2026-06-26T06:27:54.009+0000] {processor.py:161} INFO - Started process (PID=235) to work on /opt/airflow/dags/banking_pipeline.py
[2026-06-26T06:27:54.010+0000] {processor.py:830} INFO - Processing file /opt/airflow/dags/banking_pipeline.py for tasks to queue
[2026-06-26T06:27:54.011+0000] {logging_mixin.py:188} INFO - [2026-06-26T06:27:54.011+0000] {dagbag.py:545} INFO - Filling up the DagBag from /opt/airflow/dags/banking_pipeline.py
[2026-06-26T06:27:54.020+0000] {processor.py:840} INFO - DAG(s) 'banking_s3_to_marts' retrieved from /opt/airflow/dags/banking_pipeline.py
[2026-06-26T06:27:54.040+0000] {logging_mixin.py:188} INFO - [2026-06-26T06:27:54.039+0000] {dag.py:3089} INFO - Sync 1 DAGs
[2026-06-26T06:27:54.058+0000] {logging_mixin.py:188} INFO - [2026-06-26T06:27:54.058+0000] {dag.py:3947} INFO - Setting next_dagrun for banking_s3_to_marts to 2026-06-26 06:00:00+00:00, run_after=2026-06-26 07:00:00+00:00
[2026-06-26T06:27:54.072+0000] {processor.py:183} INFO - Processing /opt/airflow/dags/banking_pipeline.py took 0.067 seconds
[2026-06-26T06:28:24.128+0000] {processor.py:161} INFO - Started process (PID=247) to work on /opt/airflow/dags/banking_pipeline.py
[2026-06-26T06:28:24.130+0000] {processor.py:830} INFO - Processing file /opt/airflow/dags/banking_pipeline.py for tasks to queue
[2026-06-26T06:28:24.131+0000] {logging_mixin.py:188} INFO - [2026-06-26T06:28:24.131+0000] {dagbag.py:545} INFO - Filling up the DagBag from /opt/airflow/dags/banking_pipeline.py
[2026-06-26T06:28:24.140+0000] {processor.py:840} INFO - DAG(s) 'banking_s3_to_marts' retrieved from /opt/airflow/dags/banking_pipeline.py
[2026-06-26T06:28:24.161+0000] {logging_mixin.py:188} INFO - [2026-06-26T06:28:24.160+0000] {dag.py:3089} INFO - Sync 1 DAGs
[2026-06-26T06:28:24.178+0000] {logging_mixin.py:188} INFO - [2026-06-26T06:28:24.178+0000] {dag.py:3947} INFO - Setting next_dagrun for banking_s3_to_marts to 2026-06-26 06:00:00+00:00, run_after=2026-06-26 07:00:00+00:00
[2026-06-26T06:28:24.191+0000] {processor.py:183} INFO - Processing /opt/airflow/dags/banking_pipeline.py took 0.067 seconds
[2026-06-26T06:28:54.286+0000] {processor.py:161} INFO - Started process (PID=257) to work on /opt/airflow/dags/banking_pipeline.py
[2026-06-26T06:28:54.287+0000] {processor.py:830} INFO - Processing file /opt/airflow/dags/banking_pipeline.py for tasks to queue
[2026-06-26T06:28:54.288+0000] {logging_mixin.py:188} INFO - [2026-06-26T06:28:54.288+0000] {dagbag.py:545} INFO - Filling up the DagBag from /opt/airflow/dags/banking_pipeline.py
[2026-06-26T06:28:54.299+0000] {processor.py:840} INFO - DAG(s) 'banking_s3_to_marts' retrieved from /opt/airflow/dags/banking_pipeline.py
[2026-06-26T06:28:54.317+0000] {logging_mixin.py:188} INFO - [2026-06-26T06:28:54.317+0000] {dag.py:3089} INFO - Sync 1 DAGs
[2026-06-26T06:28:54.334+0000] {logging_mixin.py:188} INFO - [2026-06-26T06:28:54.334+0000] {dag.py:3947} INFO - Setting next_dagrun for banking_s3_to_marts to 2026-06-26 06:00:00+00:00, run_after=2026-06-26 07:00:00+00:00
[2026-06-26T06:28:54.347+0000] {processor.py:183} INFO - Processing /opt/airflow/dags/banking_pipeline.py took 0.066 seconds
[2026-06-26T06:29:24.406+0000] {processor.py:161} INFO - Started process (PID=268) to work on /opt/airflow/dags/banking_pipeline.py
[2026-06-26T06:29:24.407+0000] {processor.py:830} INFO - Processing file /opt/airflow/dags/banking_pipeline.py for tasks to queue
[2026-06-26T06:29:24.408+0000] {logging_mixin.py:188} INFO - [2026-06-26T06:29:24.408+0000] {dagbag.py:545} INFO - Filling up the DagBag from /opt/airflow/dags/banking_pipeline.py
[2026-06-26T06:29:24.418+0000] {processor.py:840} INFO - DAG(s) 'banking_s3_to_marts' retrieved from /opt/airflow/dags/banking_pipeline.py
[2026-06-26T06:29:24.437+0000] {logging_mixin.py:188} INFO - [2026-06-26T06:29:24.436+0000] {dag.py:3089} INFO - Sync 1 DAGs
[2026-06-26T06:29:24.454+0000] {logging_mixin.py:188} INFO - [2026-06-26T06:29:24.454+0000] {dag.py:3947} INFO - Setting next_dagrun for banking_s3_to_marts to 2026-06-26 06:00:00+00:00, run_after=2026-06-26 07:00:00+00:00
[2026-06-26T06:29:24.467+0000] {processor.py:183} INFO - Processing /opt/airflow/dags/banking_pipeline.py took 0.066 seconds
[2026-06-26T06:29:54.569+0000] {processor.py:161} INFO - Started process (PID=279) to work on /opt/airflow/dags/banking_pipeline.py
[2026-06-26T06:29:54.569+0000] {processor.py:830} INFO - Processing file /opt/airflow/dags/banking_pipeline.py for tasks to queue
[2026-06-26T06:29:54.571+0000] {logging_mixin.py:188} INFO - [2026-06-26T06:29:54.571+0000] {dagbag.py:545} INFO - Filling up the DagBag from /opt/airflow/dags/banking_pipeline.py
[2026-06-26T06:29:54.580+0000] {processor.py:840} INFO - DAG(s) 'banking_s3_to_marts' retrieved from /opt/airflow/dags/banking_pipeline.py
[2026-06-26T06:29:54.598+0000] {logging_mixin.py:188} INFO - [2026-06-26T06:29:54.598+0000] {dag.py:3089} INFO - Sync 1 DAGs
[2026-06-26T06:29:54.615+0000] {logging_mixin.py:188} INFO - [2026-06-26T06:29:54.615+0000] {dag.py:3947} INFO - Setting next_dagrun for banking_s3_to_marts to 2026-06-26 06:00:00+00:00, run_after=2026-06-26 07:00:00+00:00
[2026-06-26T06:29:54.630+0000] {processor.py:183} INFO - Processing /opt/airflow/dags/banking_pipeline.py took 0.065 seconds
[2026-06-26T06:30:24.688+0000] {processor.py:161} INFO - Started process (PID=290) to work on /opt/airflow/dags/banking_pipeline.py
[2026-06-26T06:30:24.689+0000] {processor.py:830} INFO - Processing file /opt/airflow/dags/banking_pipeline.py for tasks to queue
[2026-06-26T06:30:24.691+0000] {logging_mixin.py:188} INFO - [2026-06-26T06:30:24.691+0000] {dagbag.py:545} INFO - Filling up the DagBag from /opt/airflow/dags/banking_pipeline.py
[2026-06-26T06:30:24.701+0000] {processor.py:840} INFO - DAG(s) 'banking_s3_to_marts' retrieved from /opt/airflow/dags/banking_pipeline.py
[2026-06-26T06:30:24.721+0000] {logging_mixin.py:188} INFO - [2026-06-26T06:30:24.721+0000] {dag.py:3089} INFO - Sync 1 DAGs
[2026-06-26T06:30:24.739+0000] {logging_mixin.py:188} INFO - [2026-06-26T06:30:24.739+0000] {dag.py:3947} INFO - Setting next_dagrun for banking_s3_to_marts to 2026-06-26 06:00:00+00:00, run_after=2026-06-26 07:00:00+00:00
[2026-06-26T06:30:24.752+0000] {processor.py:183} INFO - Processing /opt/airflow/dags/banking_pipeline.py took 0.070 seconds
[2026-06-26T06:30:54.843+0000] {processor.py:161} INFO - Started process (PID=301) to work on /opt/airflow/dags/banking_pipeline.py
[2026-06-26T06:30:54.844+0000] {processor.py:830} INFO - Processing file /opt/airflow/dags/banking_pipeline.py for tasks to queue
[2026-06-26T06:30:54.845+0000] {logging_mixin.py:188} INFO - [2026-06-26T06:30:54.845+0000] {dagbag.py:545} INFO - Filling up the DagBag from /opt/airflow/dags/banking_pipeline.py
[2026-06-26T06:30:54.854+0000] {processor.py:840} INFO - DAG(s) 'banking_s3_to_marts' retrieved from /opt/airflow/dags/banking_pipeline.py
[2026-06-26T06:30:54.877+0000] {logging_mixin.py:188} INFO - [2026-06-26T06:30:54.877+0000] {dag.py:3089} INFO - Sync 1 DAGs
[2026-06-26T06:30:54.895+0000] {logging_mixin.py:188} INFO - [2026-06-26T06:30:54.894+0000] {dag.py:3947} INFO - Setting next_dagrun for banking_s3_to_marts to 2026-06-26 06:00:00+00:00, run_after=2026-06-26 07:00:00+00:00
[2026-06-26T06:30:54.908+0000] {processor.py:183} INFO - Processing /opt/airflow/dags/banking_pipeline.py took 0.070 seconds
[2026-06-26T06:31:24.970+0000] {processor.py:161} INFO - Started process (PID=312) to work on /opt/airflow/dags/banking_pipeline.py
[2026-06-26T06:31:24.971+0000] {processor.py:830} INFO - Processing file /opt/airflow/dags/banking_pipeline.py for tasks to queue
[2026-06-26T06:31:24.973+0000] {logging_mixin.py:188} INFO - [2026-06-26T06:31:24.973+0000] {dagbag.py:545} INFO - Filling up the DagBag from /opt/airflow/dags/banking_pipeline.py
[2026-06-26T06:31:24.982+0000] {processor.py:840} INFO - DAG(s) 'banking_s3_to_marts' retrieved from /opt/airflow/dags/banking_pipeline.py
[2026-06-26T06:31:25.001+0000] {logging_mixin.py:188} INFO - [2026-06-26T06:31:25.001+0000] {dag.py:3089} INFO - Sync 1 DAGs
[2026-06-26T06:31:25.018+0000] {logging_mixin.py:188} INFO - [2026-06-26T06:31:25.018+0000] {dag.py:3947} INFO - Setting next_dagrun for banking_s3_to_marts to 2026-06-26 06:00:00+00:00, run_after=2026-06-26 07:00:00+00:00
[2026-06-26T06:31:25.030+0000] {processor.py:183} INFO - Processing /opt/airflow/dags/banking_pipeline.py took 0.064 seconds
[2026-06-26T06:31:55.124+0000] {processor.py:161} INFO - Started process (PID=324) to work on /opt/airflow/dags/banking_pipeline.py
[2026-06-26T06:31:55.124+0000] {processor.py:830} INFO - Processing file /opt/airflow/dags/banking_pipeline.py for tasks to queue
[2026-06-26T06:31:55.126+0000] {logging_mixin.py:188} INFO - [2026-06-26T06:31:55.125+0000] {dagbag.py:545} INFO - Filling up the DagBag from /opt/airflow/dags/banking_pipeline.py
[2026-06-26T06:31:55.135+0000] {processor.py:840} INFO - DAG(s) 'banking_s3_to_marts' retrieved from /opt/airflow/dags/banking_pipeline.py
[2026-06-26T06:31:55.153+0000] {logging_mixin.py:188} INFO - [2026-06-26T06:31:55.153+0000] {dag.py:3089} INFO - Sync 1 DAGs
[2026-06-26T06:31:55.170+0000] {logging_mixin.py:188} INFO - [2026-06-26T06:31:55.170+0000] {dag.py:3947} INFO - Setting next_dagrun for banking_s3_to_marts to 2026-06-26 06:00:00+00:00, run_after=2026-06-26 07:00:00+00:00
[2026-06-26T06:31:55.182+0000] {processor.py:183} INFO - Processing /opt/airflow/dags/banking_pipeline.py took 0.063 seconds
[2026-06-26T06:32:25.247+0000] {processor.py:161} INFO - Started process (PID=335) to work on /opt/airflow/dags/banking_pipeline.py
[2026-06-26T06:32:25.248+0000] {processor.py:830} INFO - Processing file /opt/airflow/dags/banking_pipeline.py for tasks to queue
[2026-06-26T06:32:25.250+0000] {logging_mixin.py:188} INFO - [2026-06-26T06:32:25.249+0000] {dagbag.py:545} INFO - Filling up the DagBag from /opt/airflow/dags/banking_pipeline.py
[2026-06-26T06:32:25.259+0000] {processor.py:840} INFO - DAG(s) 'banking_s3_to_marts' retrieved from /opt/airflow/dags/banking_pipeline.py
[2026-06-26T06:32:25.279+0000] {logging_mixin.py:188} INFO - [2026-06-26T06:32:25.278+0000] {dag.py:3089} INFO - Sync 1 DAGs
[2026-06-26T06:32:25.296+0000] {logging_mixin.py:188} INFO - [2026-06-26T06:32:25.296+0000] {dag.py:3947} INFO - Setting next_dagrun for banking_s3_to_marts to 2026-06-26 06:00:00+00:00, run_after=2026-06-26 07:00:00+00:00
[2026-06-26T06:32:25.309+0000] {processor.py:183} INFO - Processing /opt/airflow/dags/banking_pipeline.py took 0.067 seconds
[2026-06-26T06:32:55.400+0000] {processor.py:161} INFO - Started process (PID=346) to work on /opt/airflow/dags/banking_pipeline.py
[2026-06-26T06:32:55.400+0000] {processor.py:830} INFO - Processing file /opt/airflow/dags/banking_pipeline.py for tasks to queue
[2026-06-26T06:32:55.402+0000] {logging_mixin.py:188} INFO - [2026-06-26T06:32:55.401+0000] {dagbag.py:545} INFO - Filling up the DagBag from /opt/airflow/dags/banking_pipeline.py
[2026-06-26T06:32:55.411+0000] {processor.py:840} INFO - DAG(s) 'banking_s3_to_marts' retrieved from /opt/airflow/dags/banking_pipeline.py
[2026-06-26T06:32:55.429+0000] {logging_mixin.py:188} INFO - [2026-06-26T06:32:55.429+0000] {dag.py:3089} INFO - Sync 1 DAGs
[2026-06-26T06:32:55.446+0000] {logging_mixin.py:188} INFO - [2026-06-26T06:32:55.446+0000] {dag.py:3947} INFO - Setting next_dagrun for banking_s3_to_marts to 2026-06-26 06:00:00+00:00, run_after=2026-06-26 07:00:00+00:00
[2026-06-26T06:32:55.460+0000] {processor.py:183} INFO - Processing /opt/airflow/dags/banking_pipeline.py took 0.066 seconds
