[2026-06-25T10:00:01.854+0000] {local_task_job_runner.py:120} INFO - ::group::Pre task execution logs
[2026-06-25T10:00:01.875+0000] {taskinstance.py:2076} INFO - Dependencies all met for dep_context=non-requeueable deps ti=<TaskInstance: banking_s3_to_marts.copy_into_raw scheduled__2026-06-25T09:00:00+00:00 [queued]>
[2026-06-25T10:00:01.881+0000] {taskinstance.py:2076} INFO - Dependencies all met for dep_context=requeueable deps ti=<TaskInstance: banking_s3_to_marts.copy_into_raw scheduled__2026-06-25T09:00:00+00:00 [queued]>
[2026-06-25T10:00:01.881+0000] {taskinstance.py:2306} INFO - Starting attempt 1 of 1
[2026-06-25T10:00:01.890+0000] {taskinstance.py:2330} INFO - Executing <Task(SnowflakeOperator): copy_into_raw> on 2026-06-25 09:00:00+00:00
[2026-06-25T10:00:01.897+0000] {logging_mixin.py:188} WARNING - /home/***/.local/lib/python3.12/site-packages/***/task/task_runner/standard_task_runner.py:62 DeprecationWarning: This process (pid=5348) is multi-threaded, use of fork() may lead to deadlocks in the child.
[2026-06-25T10:00:01.898+0000] {standard_task_runner.py:64} INFO - Started process 5351 to run task
[2026-06-25T10:00:01.898+0000] {standard_task_runner.py:90} INFO - Running: ['***', 'tasks', 'run', 'banking_s3_to_marts', 'copy_into_raw', 'scheduled__2026-06-25T09:00:00+00:00', '--job-id', '28', '--raw', '--subdir', 'DAGS_FOLDER/banking_pipeline.py', '--cfg-path', '/tmp/tmpyd8uuhye']
[2026-06-25T10:00:01.899+0000] {standard_task_runner.py:91} INFO - Job 28: Subtask copy_into_raw
[2026-06-25T10:00:01.929+0000] {task_command.py:426} INFO - Running <TaskInstance: banking_s3_to_marts.copy_into_raw scheduled__2026-06-25T09:00:00+00:00 [running]> on host 77d7a5eb4c31
[2026-06-25T10:00:01.967+0000] {logging_mixin.py:188} WARNING - /home/***/.local/lib/python3.12/site-packages/***/utils/context.py:212 AirflowContextDeprecationWarning: Accessing 'execution_date' from the template is deprecated and will be removed in a future version. Please use 'data_interval_start' or 'logical_date' instead.
[2026-06-25T10:00:01.989+0000] {taskinstance.py:2648} INFO - Exporting env vars: AIRFLOW_CTX_DAG_OWNER='***' AIRFLOW_CTX_DAG_ID='banking_s3_to_marts' AIRFLOW_CTX_TASK_ID='copy_into_raw' AIRFLOW_CTX_EXECUTION_DATE='2026-06-25T09:00:00+00:00' AIRFLOW_CTX_TRY_NUMBER='1' AIRFLOW_CTX_DAG_RUN_ID='scheduled__2026-06-25T09:00:00+00:00'
[2026-06-25T10:00:01.990+0000] {taskinstance.py:430} INFO - ::endgroup::
[2026-06-25T10:00:02.000+0000] {sql.py:282} INFO - Executing: 
        COPY INTO BANKING_DWH.RAW.raw_transactions (raw_data)
        FROM @BANKING_DWH.RAW.raw_stage/raw_banking_data/year=2026/month=06/day=176/
        FILE_FORMAT = (TYPE = JSON)
        ON_ERROR = 'CONTINUE';
        
[2026-06-25T10:00:02.008+0000] {base.py:84} INFO - Using connection ID 'snowflake_conn' for task execution.
[2026-06-25T10:00:02.015+0000] {base.py:84} INFO - Using connection ID 'snowflake_conn' for task execution.
[2026-06-25T10:00:02.016+0000] {connection.py:408} INFO - Snowflake Connector for Python Version: 3.11.0, Python Version: 3.12.4, Platform: Linux-6.17.0-1017-aws-x86_64-with-glibc2.36
[2026-06-25T10:00:02.018+0000] {connection.py:1258} INFO - This connection is in OCSP Fail Open Mode. TLS Certificates would be checked for validity and revocation status. Any other Certificate Revocation related exceptions or OCSP Responder failures would be disregarded in favor of connectivity.
[2026-06-25T10:00:02.782+0000] {cursor.py:1149} INFO - Number of results in first chunk: 1
[2026-06-25T10:00:02.782+0000] {sql.py:495} INFO - Running statement: COPY INTO BANKING_DWH.RAW.raw_transactions (raw_data)
        FROM @BANKING_DWH.RAW.raw_stage/raw_banking_data/year=2026/month=06/day=176/
        FILE_FORMAT = (TYPE = JSON)
        ON_ERROR = 'CONTINUE';, parameters: None
[2026-06-25T10:00:03.792+0000] {cursor.py:1149} INFO - Number of results in first chunk: 1
[2026-06-25T10:00:03.793+0000] {sql.py:504} INFO - Rows affected: 1
[2026-06-25T10:00:03.795+0000] {snowflake.py:407} INFO - Rows affected: 1
[2026-06-25T10:00:03.795+0000] {snowflake.py:408} INFO - Snowflake query id: 01c54878-000d-cef5-0000-b109000c0322
[2026-06-25T10:00:03.941+0000] {cursor.py:1149} INFO - Number of results in first chunk: 1
[2026-06-25T10:00:03.941+0000] {connection.py:773} INFO - closed
[2026-06-25T10:00:04.042+0000] {connection.py:779} INFO - No async queries seem to be running, deleting session
[2026-06-25T10:00:04.149+0000] {taskinstance.py:441} INFO - ::group::Post task execution logs
[2026-06-25T10:00:04.166+0000] {taskinstance.py:1206} INFO - Marking task as SUCCESS. dag_id=banking_s3_to_marts, task_id=copy_into_raw, run_id=scheduled__2026-06-25T09:00:00+00:00, execution_date=20260625T090000, start_date=20260625T100001, end_date=20260625T100004
[2026-06-25T10:00:04.202+0000] {local_task_job_runner.py:243} INFO - Task exited with return code 0
[2026-06-25T10:00:04.210+0000] {logging_mixin.py:188} WARNING - /home/***/.local/lib/python3.12/site-packages/***/models/baseoperator.py:1297 AirflowProviderDeprecationWarning: Call to deprecated class SnowflakeOperator. (This class is deprecated. Please use `***.providers.common.sql.operators.sql.SQLExecuteQueryOperator`. Also, you can provide `hook_params={'warehouse': <warehouse>, 'database': <database>, 'role': <role>, 'schema': <schema>, 'authenticator': <authenticator>,'session_parameters': <session_parameters>}`.)
[2026-06-25T10:00:04.217+0000] {taskinstance.py:3503} INFO - 1 downstream tasks scheduled from follow-on schedule check
[2026-06-25T10:00:04.219+0000] {local_task_job_runner.py:222} INFO - ::endgroup::
