[2026-06-24T18:58:10.734+0000] {local_task_job_runner.py:120} INFO - ::group::Pre task execution logs
[2026-06-24T18:58:10.755+0000] {taskinstance.py:2076} INFO - Dependencies all met for dep_context=non-requeueable deps ti=<TaskInstance: banking_s3_to_marts.dbt_run_marts manual__2026-06-24T18:58:05.269973+00:00 [queued]>
[2026-06-24T18:58:10.761+0000] {taskinstance.py:2076} INFO - Dependencies all met for dep_context=requeueable deps ti=<TaskInstance: banking_s3_to_marts.dbt_run_marts manual__2026-06-24T18:58:05.269973+00:00 [queued]>
[2026-06-24T18:58:10.761+0000] {taskinstance.py:2306} INFO - Starting attempt 1 of 1
[2026-06-24T18:58:10.770+0000] {taskinstance.py:2330} INFO - Executing <Task(BashOperator): dbt_run_marts> on 2026-06-24 18:58:05.269973+00:00
[2026-06-24T18:58:10.779+0000] {logging_mixin.py:188} WARNING - /home/***/.local/lib/python3.12/site-packages/***/task/task_runner/standard_task_runner.py:62 DeprecationWarning: This process (pid=1201) is multi-threaded, use of fork() may lead to deadlocks in the child.
[2026-06-24T18:58:10.780+0000] {standard_task_runner.py:64} INFO - Started process 1204 to run task
[2026-06-24T18:58:10.779+0000] {standard_task_runner.py:90} INFO - Running: ['***', 'tasks', 'run', 'banking_s3_to_marts', 'dbt_run_marts', 'manual__2026-06-24T18:58:05.269973+00:00', '--job-id', '4', '--raw', '--subdir', 'DAGS_FOLDER/banking_pipeline.py', '--cfg-path', '/tmp/tmpx69jrmb3']
[2026-06-24T18:58:10.781+0000] {standard_task_runner.py:91} INFO - Job 4: Subtask dbt_run_marts
[2026-06-24T18:58:10.815+0000] {task_command.py:426} INFO - Running <TaskInstance: banking_s3_to_marts.dbt_run_marts manual__2026-06-24T18:58:05.269973+00:00 [running]> on host 77d7a5eb4c31
[2026-06-24T18:58:10.868+0000] {taskinstance.py:2648} INFO - Exporting env vars: AIRFLOW_CTX_DAG_OWNER='***' AIRFLOW_CTX_DAG_ID='banking_s3_to_marts' AIRFLOW_CTX_TASK_ID='dbt_run_marts' AIRFLOW_CTX_EXECUTION_DATE='2026-06-24T18:58:05.269973+00:00' AIRFLOW_CTX_TRY_NUMBER='1' AIRFLOW_CTX_DAG_RUN_ID='manual__2026-06-24T18:58:05.269973+00:00'
[2026-06-24T18:58:10.869+0000] {taskinstance.py:430} INFO - ::endgroup::
[2026-06-24T18:58:10.880+0000] {subprocess.py:63} INFO - Tmp dir root location: /tmp
[2026-06-24T18:58:10.881+0000] {subprocess.py:75} INFO - Running command: ['/usr/bin/bash', '-c', 'cd /opt/***/dbt_transformations && dbt run --profiles-dir /opt/***/dbt_transformations']
[2026-06-24T18:58:10.891+0000] {subprocess.py:86} INFO - Output:
[2026-06-24T18:58:11.022+0000] {subprocess.py:93} INFO -   dbt-core 2.0.0-alpha.2
[2026-06-24T18:58:11.102+0000] {subprocess.py:93} INFO -    Loading profiles.yml
[2026-06-24T19:05:04.609+0000] {subprocess.py:93} INFO - 
[2026-06-24T19:05:04.609+0000] {subprocess.py:93} INFO - =================== Errors and Warnings ====================
[2026-06-24T19:05:04.609+0000] {subprocess.py:93} INFO - [error] [DbDriverFailed (dbt1308)]: Failed to create schema 'STAGING' in database 'BANKING_DWH' in remote for model.banking_dbt.stg_transactions: Post "https://<YOUR-SNOWFLAKE-ACCOUNT>.snowflakecomputing.com:443/session/v1/login-request?databaseName=BANKING_DWH&requestId=107be6ae-b1e6-4b36-40c5-e7f6e3fe000c&request_guid=e0a11248-ed25-48aa-7ed6-7efc203c8325&roleName=ACCOUNTADMIN&schemaName=STAGING&warehouse=COMPUTE_WH": dial tcp: lookup <YOUR-SNOWFLAKE-ACCOUNT>.snowflakecomputing.com: no such host
[2026-06-24T19:05:04.609+0000] {subprocess.py:93} INFO - 
[2026-06-24T19:05:04.609+0000] {subprocess.py:93} INFO - ==================== Execution Summary =====================
[2026-06-24T19:05:04.609+0000] {subprocess.py:93} INFO - Finished 'run' with 1 error for target 'dev' [6m 54s]
[2026-06-24T19:05:04.610+0000] {subprocess.py:93} INFO - Processed: 2 models
[2026-06-24T19:05:04.615+0000] {subprocess.py:97} INFO - Command exited with return code 1
[2026-06-24T19:05:04.616+0000] {taskinstance.py:441} INFO - ::group::Post task execution logs
[2026-06-24T19:05:04.625+0000] {taskinstance.py:2905} ERROR - Task failed with exception
Traceback (most recent call last):
  File "/home/airflow/.local/lib/python3.12/site-packages/airflow/models/taskinstance.py", line 465, in _execute_task
    result = _execute_callable(context=context, **execute_callable_kwargs)
             ^^^^^^^^^^^^^^^^^^^^^^^^^^^^^^^^^^^^^^^^^^^^^^^^^^^^^^^^^^^^^
  File "/home/airflow/.local/lib/python3.12/site-packages/airflow/models/taskinstance.py", line 432, in _execute_callable
    return execute_callable(context=context, **execute_callable_kwargs)
           ^^^^^^^^^^^^^^^^^^^^^^^^^^^^^^^^^^^^^^^^^^^^^^^^^^^^^^^^^^^^
  File "/home/airflow/.local/lib/python3.12/site-packages/airflow/models/baseoperator.py", line 401, in wrapper
    return func(self, *args, **kwargs)
           ^^^^^^^^^^^^^^^^^^^^^^^^^^^
  File "/home/airflow/.local/lib/python3.12/site-packages/airflow/operators/bash.py", line 243, in execute
    raise AirflowException(
airflow.exceptions.AirflowException: Bash command failed. The command returned a non-zero exit code 1.
[2026-06-24T19:05:04.629+0000] {taskinstance.py:1206} INFO - Marking task as FAILED. dag_id=banking_s3_to_marts, task_id=dbt_run_marts, run_id=manual__2026-06-24T18:58:05.269973+00:00, execution_date=20260624T185805, start_date=20260624T185810, end_date=20260624T190504
[2026-06-24T19:05:04.640+0000] {standard_task_runner.py:110} ERROR - Failed to execute job 4 for task dbt_run_marts (Bash command failed. The command returned a non-zero exit code 1.; 1204)
[2026-06-24T19:05:04.657+0000] {local_task_job_runner.py:243} INFO - Task exited with return code 1
[2026-06-24T19:05:04.667+0000] {taskinstance.py:3503} INFO - 0 downstream tasks scheduled from follow-on schedule check
[2026-06-24T19:05:04.669+0000] {local_task_job_runner.py:222} INFO - ::endgroup::
