[2026-06-24T18:29:53.143+0000] {local_task_job_runner.py:120} INFO - ::group::Pre task execution logs
[2026-06-24T18:29:53.178+0000] {taskinstance.py:2076} INFO - Dependencies all met for dep_context=non-requeueable deps ti=<TaskInstance: banking_s3_to_marts.copy_into_raw scheduled__2026-06-24T17:00:00+00:00 [queued]>
[2026-06-24T18:29:53.183+0000] {taskinstance.py:2076} INFO - Dependencies all met for dep_context=requeueable deps ti=<TaskInstance: banking_s3_to_marts.copy_into_raw scheduled__2026-06-24T17:00:00+00:00 [queued]>
[2026-06-24T18:29:53.184+0000] {taskinstance.py:2306} INFO - Starting attempt 1 of 1
[2026-06-24T18:29:53.192+0000] {taskinstance.py:2330} INFO - Executing <Task(SnowflakeOperator): copy_into_raw> on 2026-06-24 17:00:00+00:00
[2026-06-24T18:29:53.201+0000] {logging_mixin.py:188} WARNING - /home/***/.local/lib/python3.12/site-packages/***/task/task_runner/standard_task_runner.py:62 DeprecationWarning: This process (pid=557) is multi-threaded, use of fork() may lead to deadlocks in the child.
[2026-06-24T18:29:53.202+0000] {standard_task_runner.py:64} INFO - Started process 560 to run task
[2026-06-24T18:29:53.201+0000] {standard_task_runner.py:90} INFO - Running: ['***', 'tasks', 'run', 'banking_s3_to_marts', 'copy_into_raw', 'scheduled__2026-06-24T17:00:00+00:00', '--job-id', '2', '--raw', '--subdir', 'DAGS_FOLDER/banking_pipeline.py', '--cfg-path', '/tmp/tmpp4boma0o']
[2026-06-24T18:29:53.203+0000] {standard_task_runner.py:91} INFO - Job 2: Subtask copy_into_raw
[2026-06-24T18:29:53.249+0000] {task_command.py:426} INFO - Running <TaskInstance: banking_s3_to_marts.copy_into_raw scheduled__2026-06-24T17:00:00+00:00 [running]> on host 77d7a5eb4c31
[2026-06-24T18:29:53.291+0000] {logging_mixin.py:188} WARNING - /home/***/.local/lib/python3.12/site-packages/***/utils/context.py:212 AirflowContextDeprecationWarning: Accessing 'execution_date' from the template is deprecated and will be removed in a future version. Please use 'data_interval_start' or 'logical_date' instead.
[2026-06-24T18:29:53.312+0000] {taskinstance.py:2648} INFO - Exporting env vars: AIRFLOW_CTX_DAG_OWNER='***' AIRFLOW_CTX_DAG_ID='banking_s3_to_marts' AIRFLOW_CTX_TASK_ID='copy_into_raw' AIRFLOW_CTX_EXECUTION_DATE='2026-06-24T17:00:00+00:00' AIRFLOW_CTX_TRY_NUMBER='1' AIRFLOW_CTX_DAG_RUN_ID='scheduled__2026-06-24T17:00:00+00:00'
[2026-06-24T18:29:53.313+0000] {taskinstance.py:430} INFO - ::endgroup::
[2026-06-24T18:29:53.342+0000] {sql.py:282} INFO - Executing: 
        COPY INTO BANKING_DWH.RAW.raw_transactions (raw_data)
        FROM @BANKING_DWH.RAW.raw_stage/raw_banking_data/year=2026/month=06/day=24/
        FILE_FORMAT = (TYPE = JSON)
        ON_ERROR = 'CONTINUE';
        
[2026-06-24T18:29:53.348+0000] {taskinstance.py:441} INFO - ::group::Post task execution logs
[2026-06-24T18:29:53.356+0000] {taskinstance.py:2905} ERROR - Task failed with exception
Traceback (most recent call last):
  File "/home/airflow/.local/lib/python3.12/site-packages/airflow/models/taskinstance.py", line 465, in _execute_task
    result = _execute_callable(context=context, **execute_callable_kwargs)
             ^^^^^^^^^^^^^^^^^^^^^^^^^^^^^^^^^^^^^^^^^^^^^^^^^^^^^^^^^^^^^
  File "/home/airflow/.local/lib/python3.12/site-packages/airflow/models/taskinstance.py", line 432, in _execute_callable
    return execute_callable(context=context, **execute_callable_kwargs)
           ^^^^^^^^^^^^^^^^^^^^^^^^^^^^^^^^^^^^^^^^^^^^^^^^^^^^^^^^^^^^
  File "/home/airflow/.local/lib/python3.12/site-packages/airflow/models/baseoperator.py", line 401, in wrapper
    return func(self, *args, **kwargs)
           ^^^^^^^^^^^^^^^^^^^^^^^^^^^
  File "/home/airflow/.local/lib/python3.12/site-packages/airflow/providers/common/sql/operators/sql.py", line 283, in execute
    hook = self.get_db_hook()
           ^^^^^^^^^^^^^^^^^^
  File "/home/airflow/.local/lib/python3.12/site-packages/airflow/providers/common/sql/operators/sql.py", line 194, in get_db_hook
    return self._hook
           ^^^^^^^^^^
  File "/usr/local/lib/python3.12/functools.py", line 995, in __get__
    val = self.func(instance)
          ^^^^^^^^^^^^^^^^^^^
  File "/home/airflow/.local/lib/python3.12/site-packages/airflow/providers/common/sql/operators/sql.py", line 153, in _hook
    conn = BaseHook.get_connection(conn_id)
           ^^^^^^^^^^^^^^^^^^^^^^^^^^^^^^^^
  File "/home/airflow/.local/lib/python3.12/site-packages/airflow/hooks/base.py", line 83, in get_connection
    conn = Connection.get_connection_from_secrets(conn_id)
           ^^^^^^^^^^^^^^^^^^^^^^^^^^^^^^^^^^^^^^^^^^^^^^^
  File "/home/airflow/.local/lib/python3.12/site-packages/airflow/models/connection.py", line 519, in get_connection_from_secrets
    raise AirflowNotFoundException(f"The conn_id `{conn_id}` isn't defined")
airflow.exceptions.AirflowNotFoundException: The conn_id `snowflake_conn` isn't defined
[2026-06-24T18:29:53.359+0000] {taskinstance.py:1206} INFO - Marking task as FAILED. dag_id=banking_s3_to_marts, task_id=copy_into_raw, run_id=scheduled__2026-06-24T17:00:00+00:00, execution_date=20260624T170000, start_date=20260624T182953, end_date=20260624T182953
[2026-06-24T18:29:53.367+0000] {standard_task_runner.py:110} ERROR - Failed to execute job 2 for task copy_into_raw (The conn_id `snowflake_conn` isn't defined; 560)
[2026-06-24T18:29:53.376+0000] {local_task_job_runner.py:243} INFO - Task exited with return code 1
[2026-06-24T18:29:53.384+0000] {logging_mixin.py:188} WARNING - /home/***/.local/lib/python3.12/site-packages/***/models/baseoperator.py:1297 AirflowProviderDeprecationWarning: Call to deprecated class SnowflakeOperator. (This class is deprecated. Please use `***.providers.common.sql.operators.sql.SQLExecuteQueryOperator`. Also, you can provide `hook_params={'warehouse': <warehouse>, 'database': <database>, 'role': <role>, 'schema': <schema>, 'authenticator': <authenticator>,'session_parameters': <session_parameters>}`.)
[2026-06-24T18:29:53.394+0000] {taskinstance.py:3503} INFO - 0 downstream tasks scheduled from follow-on schedule check
[2026-06-24T18:29:53.397+0000] {local_task_job_runner.py:222} INFO - ::endgroup::
[2026-06-24T18:58:42.974+0000] {local_task_job_runner.py:120} INFO - ::group::Pre task execution logs
[2026-06-24T18:58:43.008+0000] {taskinstance.py:2076} INFO - Dependencies all met for dep_context=non-requeueable deps ti=<TaskInstance: banking_s3_to_marts.copy_into_raw scheduled__2026-06-24T17:00:00+00:00 [queued]>
[2026-06-24T18:58:43.014+0000] {taskinstance.py:2076} INFO - Dependencies all met for dep_context=requeueable deps ti=<TaskInstance: banking_s3_to_marts.copy_into_raw scheduled__2026-06-24T17:00:00+00:00 [queued]>
[2026-06-24T18:58:43.015+0000] {taskinstance.py:2306} INFO - Starting attempt 1 of 1
[2026-06-24T18:58:43.024+0000] {taskinstance.py:2330} INFO - Executing <Task(SnowflakeOperator): copy_into_raw> on 2026-06-24 17:00:00+00:00
[2026-06-24T18:58:43.032+0000] {logging_mixin.py:188} WARNING - /home/***/.local/lib/python3.12/site-packages/***/task/task_runner/standard_task_runner.py:62 DeprecationWarning: This process (pid=1234) is multi-threaded, use of fork() may lead to deadlocks in the child.
[2026-06-24T18:58:43.033+0000] {standard_task_runner.py:64} INFO - Started process 1237 to run task
[2026-06-24T18:58:43.032+0000] {standard_task_runner.py:90} INFO - Running: ['***', 'tasks', 'run', 'banking_s3_to_marts', 'copy_into_raw', 'scheduled__2026-06-24T17:00:00+00:00', '--job-id', '5', '--raw', '--subdir', 'DAGS_FOLDER/banking_pipeline.py', '--cfg-path', '/tmp/tmptca7fdoy']
[2026-06-24T18:58:43.034+0000] {standard_task_runner.py:91} INFO - Job 5: Subtask copy_into_raw
[2026-06-24T18:58:43.070+0000] {task_command.py:426} INFO - Running <TaskInstance: banking_s3_to_marts.copy_into_raw scheduled__2026-06-24T17:00:00+00:00 [running]> on host 77d7a5eb4c31
[2026-06-24T18:58:43.107+0000] {logging_mixin.py:188} WARNING - /home/***/.local/lib/python3.12/site-packages/***/utils/context.py:212 AirflowContextDeprecationWarning: Accessing 'execution_date' from the template is deprecated and will be removed in a future version. Please use 'data_interval_start' or 'logical_date' instead.
[2026-06-24T18:58:43.128+0000] {taskinstance.py:2648} INFO - Exporting env vars: AIRFLOW_CTX_DAG_OWNER='***' AIRFLOW_CTX_DAG_ID='banking_s3_to_marts' AIRFLOW_CTX_TASK_ID='copy_into_raw' AIRFLOW_CTX_EXECUTION_DATE='2026-06-24T17:00:00+00:00' AIRFLOW_CTX_TRY_NUMBER='1' AIRFLOW_CTX_DAG_RUN_ID='scheduled__2026-06-24T17:00:00+00:00'
[2026-06-24T18:58:43.129+0000] {taskinstance.py:430} INFO - ::endgroup::
[2026-06-24T18:58:43.150+0000] {sql.py:282} INFO - Executing: 
        COPY INTO BANKING_DWH.RAW.raw_transactions (raw_data)
        FROM @BANKING_DWH.RAW.raw_stage/raw_banking_data/year=2026/month=06/day=175/
        FILE_FORMAT = (TYPE = JSON)
        ON_ERROR = 'CONTINUE';
        
[2026-06-24T18:58:43.158+0000] {base.py:84} INFO - Using connection ID 'snowflake_conn' for task execution.
[2026-06-24T18:58:43.165+0000] {base.py:84} INFO - Using connection ID 'snowflake_conn' for task execution.
[2026-06-24T18:58:43.166+0000] {connection.py:408} INFO - Snowflake Connector for Python Version: 3.11.0, Python Version: 3.12.4, Platform: Linux-6.17.0-1017-aws-x86_64-with-glibc2.36
[2026-06-24T18:58:43.167+0000] {connection.py:1258} INFO - This connection is in OCSP Fail Open Mode. TLS Certificates would be checked for validity and revocation status. Any other Certificate Revocation related exceptions or OCSP Responder failures would be disregarded in favor of connectivity.
[2026-06-24T18:58:43.909+0000] {cursor.py:1149} INFO - Number of results in first chunk: 1
[2026-06-24T18:58:43.909+0000] {sql.py:495} INFO - Running statement: COPY INTO BANKING_DWH.RAW.raw_transactions (raw_data)
        FROM @BANKING_DWH.RAW.raw_stage/raw_banking_data/year=2026/month=06/day=175/
        FILE_FORMAT = (TYPE = JSON)
        ON_ERROR = 'CONTINUE';, parameters: None
[2026-06-24T18:58:44.542+0000] {cursor.py:1149} INFO - Number of results in first chunk: 1
[2026-06-24T18:58:44.542+0000] {sql.py:504} INFO - Rows affected: 1
[2026-06-24T18:58:44.543+0000] {snowflake.py:407} INFO - Rows affected: 1
[2026-06-24T18:58:44.543+0000] {snowflake.py:408} INFO - Snowflake query id: 01c544f2-000d-ce15-0000-b109000ce082
[2026-06-24T18:58:44.693+0000] {cursor.py:1149} INFO - Number of results in first chunk: 1
[2026-06-24T18:58:44.694+0000] {connection.py:773} INFO - closed
[2026-06-24T18:58:44.790+0000] {connection.py:779} INFO - No async queries seem to be running, deleting session
[2026-06-24T18:58:44.893+0000] {taskinstance.py:441} INFO - ::group::Post task execution logs
[2026-06-24T18:58:44.910+0000] {taskinstance.py:1206} INFO - Marking task as SUCCESS. dag_id=banking_s3_to_marts, task_id=copy_into_raw, run_id=scheduled__2026-06-24T17:00:00+00:00, execution_date=20260624T170000, start_date=20260624T185843, end_date=20260624T185844
[2026-06-24T18:58:44.934+0000] {local_task_job_runner.py:243} INFO - Task exited with return code 0
[2026-06-24T18:58:44.942+0000] {logging_mixin.py:188} WARNING - /home/***/.local/lib/python3.12/site-packages/***/models/baseoperator.py:1297 AirflowProviderDeprecationWarning: Call to deprecated class SnowflakeOperator. (This class is deprecated. Please use `***.providers.common.sql.operators.sql.SQLExecuteQueryOperator`. Also, you can provide `hook_params={'warehouse': <warehouse>, 'database': <database>, 'role': <role>, 'schema': <schema>, 'authenticator': <authenticator>,'session_parameters': <session_parameters>}`.)
[2026-06-24T18:58:44.951+0000] {taskinstance.py:3503} INFO - 1 downstream tasks scheduled from follow-on schedule check
[2026-06-24T18:58:44.952+0000] {local_task_job_runner.py:222} INFO - ::endgroup::
