[2026-06-24T19:09:20.297+0000] {local_task_job_runner.py:120} INFO - ::group::Pre task execution logs
[2026-06-24T19:09:20.322+0000] {taskinstance.py:2076} INFO - Dependencies all met for dep_context=non-requeueable deps ti=<TaskInstance: banking_s3_to_marts.dbt_run_marts manual__2026-06-24T19:09:15.115535+00:00 [queued]>
[2026-06-24T19:09:20.328+0000] {taskinstance.py:2076} INFO - Dependencies all met for dep_context=requeueable deps ti=<TaskInstance: banking_s3_to_marts.dbt_run_marts manual__2026-06-24T19:09:15.115535+00:00 [queued]>
[2026-06-24T19:09:20.328+0000] {taskinstance.py:2306} INFO - Starting attempt 1 of 1
[2026-06-24T19:09:20.337+0000] {taskinstance.py:2330} INFO - Executing <Task(BashOperator): dbt_run_marts> on 2026-06-24 19:09:15.115535+00:00
[2026-06-24T19:09:20.345+0000] {logging_mixin.py:188} WARNING - /home/***/.local/lib/python3.12/site-packages/***/task/task_runner/standard_task_runner.py:62 DeprecationWarning: This process (pid=1564) is multi-threaded, use of fork() may lead to deadlocks in the child.
[2026-06-24T19:09:20.346+0000] {standard_task_runner.py:64} INFO - Started process 1582 to run task
[2026-06-24T19:09:20.346+0000] {standard_task_runner.py:90} INFO - Running: ['***', 'tasks', 'run', 'banking_s3_to_marts', 'dbt_run_marts', 'manual__2026-06-24T19:09:15.115535+00:00', '--job-id', '16', '--raw', '--subdir', 'DAGS_FOLDER/banking_pipeline.py', '--cfg-path', '/tmp/tmpzaji34ro']
[2026-06-24T19:09:20.348+0000] {standard_task_runner.py:91} INFO - Job 16: Subtask dbt_run_marts
[2026-06-24T19:09:20.382+0000] {task_command.py:426} INFO - Running <TaskInstance: banking_s3_to_marts.dbt_run_marts manual__2026-06-24T19:09:15.115535+00:00 [running]> on host 77d7a5eb4c31
[2026-06-24T19:09:20.436+0000] {taskinstance.py:2648} INFO - Exporting env vars: AIRFLOW_CTX_DAG_OWNER='***' AIRFLOW_CTX_DAG_ID='banking_s3_to_marts' AIRFLOW_CTX_TASK_ID='dbt_run_marts' AIRFLOW_CTX_EXECUTION_DATE='2026-06-24T19:09:15.115535+00:00' AIRFLOW_CTX_TRY_NUMBER='1' AIRFLOW_CTX_DAG_RUN_ID='manual__2026-06-24T19:09:15.115535+00:00'
[2026-06-24T19:09:20.437+0000] {taskinstance.py:430} INFO - ::endgroup::
[2026-06-24T19:09:20.449+0000] {subprocess.py:63} INFO - Tmp dir root location: /tmp
[2026-06-24T19:09:20.449+0000] {subprocess.py:75} INFO - Running command: ['/usr/bin/bash', '-c', 'cd /opt/***/dbt_transformations && dbt run --profiles-dir /opt/***/dbt_transformations']
[2026-06-24T19:09:20.459+0000] {subprocess.py:86} INFO - Output:
[2026-06-24T19:09:20.469+0000] {subprocess.py:93} INFO -   dbt-core 2.0.0-alpha.2
[2026-06-24T19:09:20.470+0000] {subprocess.py:93} INFO -    Loading profiles.yml
[2026-06-24T19:09:21.636+0000] {subprocess.py:93} INFO -  Succeeded [  0.38s] model STAGING.stg_transactions (view)
[2026-06-24T19:09:25.157+0000] {subprocess.py:93} INFO -  Succeeded [  3.52s] model marts.fct_transactions (incremental)
[2026-06-24T19:09:25.294+0000] {subprocess.py:93} INFO - 
[2026-06-24T19:09:25.295+0000] {subprocess.py:93} INFO - ==================== Execution Summary =====================
[2026-06-24T19:09:25.295+0000] {subprocess.py:93} INFO - Finished 'run' successfully for target 'dev' [4.8s]
[2026-06-24T19:09:25.295+0000] {subprocess.py:93} INFO - Processed: 2 models
[2026-06-24T19:09:25.295+0000] {subprocess.py:93} INFO - Summary: 2 total | 2 success
[2026-06-24T19:09:25.301+0000] {subprocess.py:97} INFO - Command exited with return code 0
[2026-06-24T19:09:25.301+0000] {taskinstance.py:441} INFO - ::group::Post task execution logs
[2026-06-24T19:09:25.322+0000] {taskinstance.py:1206} INFO - Marking task as SUCCESS. dag_id=banking_s3_to_marts, task_id=dbt_run_marts, run_id=manual__2026-06-24T19:09:15.115535+00:00, execution_date=20260624T190915, start_date=20260624T190920, end_date=20260624T190925
[2026-06-24T19:09:25.373+0000] {local_task_job_runner.py:243} INFO - Task exited with return code 0
[2026-06-24T19:09:25.386+0000] {taskinstance.py:3503} INFO - 0 downstream tasks scheduled from follow-on schedule check
[2026-06-24T19:09:25.387+0000] {local_task_job_runner.py:222} INFO - ::endgroup::
